2025-09-20T00:01:24.214+03:00  INFO 16940 --- [order-service] [AsyncResolver-bootstrap-executor-%d] c.n.d.s.r.aws.ConfigClusterResolver      : Resolving eureka endpoints via configuration
2025-09-20T00:06:24.327+03:00  INFO 16940 --- [order-service] [AsyncResolver-bootstrap-executor-%d] c.n.d.s.r.aws.ConfigClusterResolver      : Resolving eureka endpoints via configuration
2025-09-20T00:11:24.354+03:00  INFO 16940 --- [order-service] [AsyncResolver-bootstrap-executor-%d] c.n.d.s.r.aws.ConfigClusterResolver      : Resolving eureka endpoints via configuration
2025-09-20T00:16:24.378+03:00  INFO 16940 --- [order-service] [AsyncResolver-bootstrap-executor-%d] c.n.d.s.r.aws.ConfigClusterResolver      : Resolving eureka endpoints via configuration
2025-09-20T00:21:24.398+03:00  INFO 16940 --- [order-service] [AsyncResolver-bootstrap-executor-%d] c.n.d.s.r.aws.ConfigClusterResolver      : Resolving eureka endpoints via configuration
2025-09-20T00:26:24.404+03:00  INFO 16940 --- [order-service] [AsyncResolver-bootstrap-executor-%d] c.n.d.s.r.aws.ConfigClusterResolver      : Resolving eureka endpoints via configuration
2025-09-20T00:31:24.417+03:00  INFO 16940 --- [order-service] [AsyncResolver-bootstrap-executor-%d] c.n.d.s.r.aws.ConfigClusterResolver      : Resolving eureka endpoints via configuration
2025-09-20T00:36:24.448+03:00  INFO 16940 --- [order-service] [AsyncResolver-bootstrap-executor-%d] c.n.d.s.r.aws.ConfigClusterResolver      : Resolving eureka endpoints via configuration
2025-09-20T00:40:35.996+03:00  WARN 16940 --- [order-service] [HikariPool-1:housekeeper] com.zaxxer.hikari.pool.PoolBase          : HikariPool-1 - Failed to validate connection org.postgresql.jdbc.PgConnection@78d7af79 (This connection has been closed.). Possibly consider using a shorter maxLifetime value.
2025-09-20T00:40:43.273+03:00  WARN 16940 --- [order-service] [HikariPool-1:housekeeper] com.zaxxer.hikari.pool.PoolBase          : HikariPool-1 - Failed to validate connection org.postgresql.jdbc.PgConnection@7c404cb7 (This connection has been closed.). Possibly consider using a shorter maxLifetime value.
2025-09-20T00:41:24.465+03:00  INFO 16940 --- [order-service] [AsyncResolver-bootstrap-executor-%d] c.n.d.s.r.aws.ConfigClusterResolver      : Resolving eureka endpoints via configuration
2025-09-20T00:45:06.497+03:00  WARN 16940 --- [order-service] [HikariPool-1:housekeeper] com.zaxxer.hikari.pool.PoolBase          : HikariPool-1 - Failed to validate connection org.postgresql.jdbc.PgConnection@1d21f28a (This connection has been closed.). Possibly consider using a shorter maxLifetime value.
2025-09-20T00:46:24.552+03:00  INFO 16940 --- [order-service] [AsyncResolver-bootstrap-executor-%d] c.n.d.s.r.aws.ConfigClusterResolver      : Resolving eureka endpoints via configuration
2025-09-20T00:47:25.538+03:00  WARN 16940 --- [order-service] [HikariPool-1:housekeeper] com.zaxxer.hikari.pool.PoolBase          : HikariPool-1 - Failed to validate connection org.postgresql.jdbc.PgConnection@b8e656a (This connection has been closed.). Possibly consider using a shorter maxLifetime value.
2025-09-20T00:48:10.920+03:00  WARN 16940 --- [order-service] [HikariPool-1:housekeeper] com.zaxxer.hikari.pool.PoolBase          : HikariPool-1 - Failed to validate connection org.postgresql.jdbc.PgConnection@58b54481 (This connection has been closed.). Possibly consider using a shorter maxLifetime value.
2025-09-20T00:50:04.149+03:00  WARN 16940 --- [order-service] [HikariPool-1:housekeeper] com.zaxxer.hikari.pool.PoolBase          : HikariPool-1 - Failed to validate connection org.postgresql.jdbc.PgConnection@6978001b (This connection has been closed.). Possibly consider using a shorter maxLifetime value.
2025-09-20T00:51:24.832+03:00  INFO 16940 --- [order-service] [AsyncResolver-bootstrap-executor-%d] c.n.d.s.r.aws.ConfigClusterResolver      : Resolving eureka endpoints via configuration
2025-09-20T00:53:21.135+03:00  WARN 16940 --- [order-service] [HikariPool-1:housekeeper] com.zaxxer.hikari.pool.PoolBase          : HikariPool-1 - Failed to validate connection org.postgresql.jdbc.PgConnection@782d8b12 (This connection has been closed.). Possibly consider using a shorter maxLifetime value.
2025-09-20T00:53:27.948+03:00  WARN 16940 --- [order-service] [HikariPool-1:housekeeper] com.zaxxer.hikari.pool.PoolBase          : HikariPool-1 - Failed to validate connection org.postgresql.jdbc.PgConnection@4f86bdd8 (This connection has been closed.). Possibly consider using a shorter maxLifetime value.
2025-09-20T00:53:34.735+03:00  WARN 16940 --- [order-service] [HikariPool-1:housekeeper] com.zaxxer.hikari.pool.PoolBase          : HikariPool-1 - Failed to validate connection org.postgresql.jdbc.PgConnection@29a2eb90 (This connection has been closed.). Possibly consider using a shorter maxLifetime value.
2025-09-20T00:56:24.947+03:00  INFO 16940 --- [order-service] [AsyncResolver-bootstrap-executor-%d] c.n.d.s.r.aws.ConfigClusterResolver      : Resolving eureka endpoints via configuration
2025-09-20T00:57:48.452+03:00  WARN 16940 --- [order-service] [HikariPool-1:housekeeper] com.zaxxer.hikari.pool.PoolBase          : HikariPool-1 - Failed to validate connection org.postgresql.jdbc.PgConnection@5e0b09f4 (This connection has been closed.). Possibly consider using a shorter maxLifetime value.
2025-09-20T00:57:54.013+03:00  WARN 16940 --- [order-service] [HikariPool-1:housekeeper] com.zaxxer.hikari.pool.PoolBase          : HikariPool-1 - Failed to validate connection org.postgresql.jdbc.PgConnection@3421f600 (This connection has been closed.). Possibly consider using a shorter maxLifetime value.
2025-09-20T01:01:25.029+03:00  INFO 16940 --- [order-service] [AsyncResolver-bootstrap-executor-%d] c.n.d.s.r.aws.ConfigClusterResolver      : Resolving eureka endpoints via configuration
2025-09-20T01:06:25.075+03:00  INFO 16940 --- [order-service] [AsyncResolver-bootstrap-executor-%d] c.n.d.s.r.aws.ConfigClusterResolver      : Resolving eureka endpoints via configuration
2025-09-20T01:11:29.430+03:00  INFO 16940 --- [order-service] [AsyncResolver-bootstrap-executor-%d] c.n.d.s.r.aws.ConfigClusterResolver      : Resolving eureka endpoints via configuration
2025-09-20T01:13:55.759+03:00  INFO 16940 --- [order-service] [http-nio-8083-exec-2] o.a.c.c.C.[Tomcat].[localhost].[/]       : Initializing Spring DispatcherServlet 'dispatcherServlet'
2025-09-20T01:13:55.858+03:00  INFO 16940 --- [order-service] [http-nio-8083-exec-2] o.s.web.servlet.DispatcherServlet        : Initializing Servlet 'dispatcherServlet'
2025-09-20T01:13:57.809+03:00  INFO 16940 --- [order-service] [http-nio-8083-exec-2] o.s.web.servlet.DispatcherServlet        : Completed initialization in 1906 ms
2025-09-20T01:16:31.065+03:00  INFO 16940 --- [order-service] [AsyncResolver-bootstrap-executor-%d] c.n.d.s.r.aws.ConfigClusterResolver      : Resolving eureka endpoints via configuration
2025-09-20T01:17:44.462+03:00  WARN 16940 --- [order-service] [HikariPool-1:housekeeper] com.zaxxer.hikari.pool.PoolBase          : HikariPool-1 - Failed to validate connection org.postgresql.jdbc.PgConnection@17f8370a (This connection has been closed.). Possibly consider using a shorter maxLifetime value.
2025-09-20T01:21:31.190+03:00  INFO 16940 --- [order-service] [AsyncResolver-bootstrap-executor-%d] c.n.d.s.r.aws.ConfigClusterResolver      : Resolving eureka endpoints via configuration
2025-09-20T01:25:35.366+03:00  WARN 16940 --- [order-service] [HikariPool-1:housekeeper] com.zaxxer.hikari.pool.PoolBase          : HikariPool-1 - Failed to validate connection org.postgresql.jdbc.PgConnection@4831be47 (This connection has been closed.). Possibly consider using a shorter maxLifetime value.
2025-09-20T01:26:31.323+03:00  INFO 16940 --- [order-service] [AsyncResolver-bootstrap-executor-%d] c.n.d.s.r.aws.ConfigClusterResolver      : Resolving eureka endpoints via configuration
2025-09-20T01:28:06.512+03:00  WARN 16940 --- [order-service] [HikariPool-1:housekeeper] com.zaxxer.hikari.pool.PoolBase          : HikariPool-1 - Failed to validate connection org.postgresql.jdbc.PgConnection@e3b65f0 (This connection has been closed.). Possibly consider using a shorter maxLifetime value.
2025-09-20T01:28:38.670+03:00  WARN 16940 --- [order-service] [HikariPool-1:housekeeper] com.zaxxer.hikari.pool.PoolBase          : HikariPool-1 - Failed to validate connection org.postgresql.jdbc.PgConnection@24eae683 (This connection has been closed.). Possibly consider using a shorter maxLifetime value.
