2025-09-20T00:00:47.038+03:00  INFO 14524 --- [product-service] [AsyncResolver-bootstrap-executor-%d] c.n.d.s.r.aws.ConfigClusterResolver      : Resolving eureka endpoints via configuration
2025-09-20T00:05:47.216+03:00  INFO 14524 --- [product-service] [AsyncResolver-bootstrap-executor-%d] c.n.d.s.r.aws.ConfigClusterResolver      : Resolving eureka endpoints via configuration
2025-09-20T00:10:47.296+03:00  INFO 14524 --- [product-service] [AsyncResolver-bootstrap-executor-%d] c.n.d.s.r.aws.ConfigClusterResolver      : Resolving eureka endpoints via configuration
2025-09-20T00:15:47.332+03:00  INFO 14524 --- [product-service] [AsyncResolver-bootstrap-executor-%d] c.n.d.s.r.aws.ConfigClusterResolver      : Resolving eureka endpoints via configuration
2025-09-20T00:20:47.342+03:00  INFO 14524 --- [product-service] [AsyncResolver-bootstrap-executor-%d] c.n.d.s.r.aws.ConfigClusterResolver      : Resolving eureka endpoints via configuration
2025-09-20T00:25:47.382+03:00  INFO 14524 --- [product-service] [AsyncResolver-bootstrap-executor-%d] c.n.d.s.r.aws.ConfigClusterResolver      : Resolving eureka endpoints via configuration
2025-09-20T00:30:47.400+03:00  INFO 14524 --- [product-service] [AsyncResolver-bootstrap-executor-%d] c.n.d.s.r.aws.ConfigClusterResolver      : Resolving eureka endpoints via configuration
2025-09-20T00:35:47.447+03:00  INFO 14524 --- [product-service] [AsyncResolver-bootstrap-executor-%d] c.n.d.s.r.aws.ConfigClusterResolver      : Resolving eureka endpoints via configuration
2025-09-20T00:40:47.518+03:00  INFO 14524 --- [product-service] [AsyncResolver-bootstrap-executor-%d] c.n.d.s.r.aws.ConfigClusterResolver      : Resolving eureka endpoints via configuration
2025-09-20T00:40:48.610+03:00  WARN 14524 --- [product-service] [HikariPool-1:housekeeper] com.zaxxer.hikari.pool.PoolBase          : HikariPool-1 - Failed to validate connection org.postgresql.jdbc.PgConnection@241d9008 (This connection has been closed.). Possibly consider using a shorter maxLifetime value.
2025-09-20T00:40:53.689+03:00  WARN 14524 --- [product-service] [HikariPool-1:housekeeper] com.zaxxer.hikari.pool.PoolBase          : HikariPool-1 - Failed to validate connection org.postgresql.jdbc.PgConnection@7e7ce434 (This connection has been closed.). Possibly consider using a shorter maxLifetime value.
2025-09-20T00:41:57.447+03:00  WARN 14524 --- [product-service] [HikariPool-1:housekeeper] com.zaxxer.hikari.pool.PoolBase          : HikariPool-1 - Failed to validate connection org.postgresql.jdbc.PgConnection@50f5c60d (This connection has been closed.). Possibly consider using a shorter maxLifetime value.
2025-09-20T00:45:07.092+03:00  WARN 14524 --- [product-service] [HikariPool-1:housekeeper] com.zaxxer.hikari.pool.PoolBase          : HikariPool-1 - Failed to validate connection org.postgresql.jdbc.PgConnection@69ae0266 (This connection has been closed.). Possibly consider using a shorter maxLifetime value.
2025-09-20T00:45:47.677+03:00  INFO 14524 --- [product-service] [AsyncResolver-bootstrap-executor-%d] c.n.d.s.r.aws.ConfigClusterResolver      : Resolving eureka endpoints via configuration
2025-09-20T00:47:11.651+03:00  WARN 14524 --- [product-service] [HikariPool-1:housekeeper] com.zaxxer.hikari.pool.PoolBase          : HikariPool-1 - Failed to validate connection org.postgresql.jdbc.PgConnection@2b0d0230 (This connection has been closed.). Possibly consider using a shorter maxLifetime value.
2025-09-20T00:47:31.655+03:00  WARN 14524 --- [product-service] [HikariPool-1:housekeeper] com.zaxxer.hikari.pool.PoolBase          : HikariPool-1 - Failed to validate connection org.postgresql.jdbc.PgConnection@60e77bbb (This connection has been closed.). Possibly consider using a shorter maxLifetime value.
2025-09-20T00:48:09.674+03:00  WARN 14524 --- [product-service] [HikariPool-1:housekeeper] com.zaxxer.hikari.pool.PoolBase          : HikariPool-1 - Failed to validate connection org.postgresql.jdbc.PgConnection@54402029 (This connection has been closed.). Possibly consider using a shorter maxLifetime value.
2025-09-20T00:50:03.657+03:00  WARN 14524 --- [product-service] [HikariPool-1:housekeeper] com.zaxxer.hikari.pool.PoolBase          : HikariPool-1 - Failed to validate connection org.postgresql.jdbc.PgConnection@71b66f46 (This connection has been closed.). Possibly consider using a shorter maxLifetime value.
2025-09-20T00:50:47.711+03:00  INFO 14524 --- [product-service] [AsyncResolver-bootstrap-executor-%d] c.n.d.s.r.aws.ConfigClusterResolver      : Resolving eureka endpoints via configuration
2025-09-20T00:53:32.501+03:00  WARN 14524 --- [product-service] [HikariPool-1:housekeeper] com.zaxxer.hikari.pool.PoolBase          : HikariPool-1 - Failed to validate connection org.postgresql.jdbc.PgConnection@4e345b51 (This connection has been closed.). Possibly consider using a shorter maxLifetime value.
2025-09-20T00:55:47.990+03:00  INFO 14524 --- [product-service] [AsyncResolver-bootstrap-executor-%d] c.n.d.s.r.aws.ConfigClusterResolver      : Resolving eureka endpoints via configuration
2025-09-20T00:57:48.449+03:00  WARN 14524 --- [product-service] [HikariPool-1:housekeeper] com.zaxxer.hikari.pool.PoolBase          : HikariPool-1 - Failed to validate connection org.postgresql.jdbc.PgConnection@1d32f2d (This connection has been closed.). Possibly consider using a shorter maxLifetime value.
2025-09-20T00:57:54.590+03:00  WARN 14524 --- [product-service] [HikariPool-1:housekeeper] com.zaxxer.hikari.pool.PoolBase          : HikariPool-1 - Failed to validate connection org.postgresql.jdbc.PgConnection@4060dda1 (This connection has been closed.). Possibly consider using a shorter maxLifetime value.
2025-09-20T00:57:59.609+03:00  WARN 14524 --- [product-service] [HikariPool-1:housekeeper] com.zaxxer.hikari.pool.PoolBase          : HikariPool-1 - Failed to validate connection org.postgresql.jdbc.PgConnection@5b2a72ef (This connection has been closed.). Possibly consider using a shorter maxLifetime value.
2025-09-20T01:00:48.780+03:00  INFO 14524 --- [product-service] [AsyncResolver-bootstrap-executor-%d] c.n.d.s.r.aws.ConfigClusterResolver      : Resolving eureka endpoints via configuration
2025-09-20T01:05:48.828+03:00  INFO 14524 --- [product-service] [AsyncResolver-bootstrap-executor-%d] c.n.d.s.r.aws.ConfigClusterResolver      : Resolving eureka endpoints via configuration
2025-09-20T01:10:49.011+03:00  INFO 14524 --- [product-service] [AsyncResolver-bootstrap-executor-%d] c.n.d.s.r.aws.ConfigClusterResolver      : Resolving eureka endpoints via configuration
2025-09-20T01:13:57.483+03:00  INFO 14524 --- [product-service] [http-nio-8081-exec-1] o.a.c.c.C.[Tomcat].[localhost].[/]       : Initializing Spring DispatcherServlet 'dispatcherServlet'
2025-09-20T01:13:57.605+03:00  INFO 14524 --- [product-service] [http-nio-8081-exec-1] o.s.web.servlet.DispatcherServlet        : Initializing Servlet 'dispatcherServlet'
2025-09-20T01:14:00.251+03:00  INFO 14524 --- [product-service] [http-nio-8081-exec-1] o.s.web.servlet.DispatcherServlet        : Completed initialization in 2383 ms
2025-09-20T01:15:49.170+03:00  INFO 14524 --- [product-service] [AsyncResolver-bootstrap-executor-%d] c.n.d.s.r.aws.ConfigClusterResolver      : Resolving eureka endpoints via configuration
2025-09-20T01:16:38.336+03:00  WARN 14524 --- [product-service] [HikariPool-1:housekeeper] com.zaxxer.hikari.pool.PoolBase          : HikariPool-1 - Failed to validate connection org.postgresql.jdbc.PgConnection@73ccc4d7 (This connection has been closed.). Possibly consider using a shorter maxLifetime value.
2025-09-20T01:20:49.228+03:00  INFO 14524 --- [product-service] [AsyncResolver-bootstrap-executor-%d] c.n.d.s.r.aws.ConfigClusterResolver      : Resolving eureka endpoints via configuration
2025-09-20T01:25:36.099+03:00  WARN 14524 --- [product-service] [HikariPool-1:housekeeper] com.zaxxer.hikari.pool.PoolBase          : HikariPool-1 - Failed to validate connection org.postgresql.jdbc.PgConnection@7dd9ccce (This connection has been closed.). Possibly consider using a shorter maxLifetime value.
2025-09-20T01:25:49.275+03:00  INFO 14524 --- [product-service] [AsyncResolver-bootstrap-executor-%d] c.n.d.s.r.aws.ConfigClusterResolver      : Resolving eureka endpoints via configuration
2025-09-20T01:27:59.799+03:00  WARN 14524 --- [product-service] [HikariPool-1:housekeeper] com.zaxxer.hikari.pool.PoolBase          : HikariPool-1 - Failed to validate connection org.postgresql.jdbc.PgConnection@56850f79 (This connection has been closed.). Possibly consider using a shorter maxLifetime value.
2025-09-20T01:28:28.291+03:00  WARN 14524 --- [product-service] [HikariPool-1:housekeeper] com.zaxxer.hikari.pool.PoolBase          : HikariPool-1 - Failed to validate connection org.postgresql.jdbc.PgConnection@3a36ddc7 (This connection has been closed.). Possibly consider using a shorter maxLifetime value.
2025-09-20T01:28:37.372+03:00  WARN 14524 --- [product-service] [HikariPool-1:housekeeper] com.zaxxer.hikari.pool.PoolBase          : HikariPool-1 - Failed to validate connection org.postgresql.jdbc.PgConnection@30ae69d8 (This connection has been closed.). Possibly consider using a shorter maxLifetime value.
