2025-09-14T02:37:36.550+03:00  INFO 10420 --- [user-service] [main] com.ecommerce.user.UserApplication       : Starting UserApplication using Java 21.0.8 with PID 10420 (C:\Users\admin\IdeaProjects\ecom-microservices\user\target\classes started by admin in C:\Users\admin\IdeaProjects\ecom-microservices)
2025-09-14T02:37:36.555+03:00 DEBUG 10420 --- [user-service] [main] com.ecommerce.user.UserApplication       : Running with Spring Boot v3.5.4, Spring v6.2.9
2025-09-14T02:37:36.560+03:00  INFO 10420 --- [user-service] [main] com.ecommerce.user.UserApplication       : No active profile set, falling back to 1 default profile: "default"
2025-09-14T02:37:36.803+03:00  INFO 10420 --- [user-service] [main] o.s.c.c.c.ConfigServerConfigDataLoader   : Fetching config from server at : http://localhost:8888
2025-09-14T02:37:36.804+03:00  INFO 10420 --- [user-service] [main] o.s.c.c.c.ConfigServerConfigDataLoader   : Located environment: name=user-service, profiles=[default], label=null, version=null, state=null
2025-09-14T02:37:44.435+03:00  INFO 10420 --- [user-service] [main] .s.d.r.c.RepositoryConfigurationDelegate : Bootstrapping Spring Data MongoDB repositories in DEFAULT mode.
2025-09-14T02:37:45.619+03:00  INFO 10420 --- [user-service] [main] .s.d.r.c.RepositoryConfigurationDelegate : Finished Spring Data repository scanning in 1144 ms. Found 1 MongoDB repository interface.
2025-09-14T02:37:47.399+03:00  INFO 10420 --- [user-service] [main] faultConfiguringBeanFactoryPostProcessor : No bean named 'errorChannel' has been explicitly defined. Therefore, a default PublishSubscribeChannel will be created.
2025-09-14T02:37:47.515+03:00  INFO 10420 --- [user-service] [main] faultConfiguringBeanFactoryPostProcessor : No bean named 'integrationHeaderChannelRegistry' has been explicitly defined. Therefore, a default DefaultHeaderChannelRegistry will be created.
2025-09-14T02:37:48.252+03:00  INFO 10420 --- [user-service] [main] o.s.cloud.context.scope.GenericScope     : BeanFactory id=34db6a8d-f44d-37af-8581-3bd772bf1ffa
2025-09-14T02:37:51.820+03:00  INFO 10420 --- [user-service] [main] o.s.b.w.embedded.tomcat.TomcatWebServer  : Tomcat initialized with port 8082 (http)
2025-09-14T02:37:51.879+03:00  INFO 10420 --- [user-service] [main] o.apache.catalina.core.StandardService   : Starting service [Tomcat]
2025-09-14T02:37:51.881+03:00  INFO 10420 --- [user-service] [main] o.apache.catalina.core.StandardEngine    : Starting Servlet engine: [Apache Tomcat/10.1.43]
2025-09-14T02:37:52.428+03:00  INFO 10420 --- [user-service] [main] o.a.c.c.C.[Tomcat].[localhost].[/]       : Initializing Spring embedded WebApplicationContext
2025-09-14T02:37:52.429+03:00  INFO 10420 --- [user-service] [main] w.s.c.ServletWebServerApplicationContext : Root WebApplicationContext: initialization completed in 15610 ms
2025-09-14T02:37:54.876+03:00  INFO 10420 --- [user-service] [main] org.mongodb.driver.client                : MongoClient with metadata {"driver": {"name": "mongo-java-driver|sync|spring-boot", "version": "5.5.1"}, "os": {"type": "Windows", "name": "Windows 10", "architecture": "amd64", "version": "10.0"}, "platform": "Java/Oracle Corporation/21.0.8+12-LTS-250"} created with settings MongoClientSettings{readPreference=primary, writeConcern=WriteConcern{w=null, wTimeout=null ms, journal=null}, retryWrites=true, retryReads=true, readConcern=ReadConcern{level=null}, credential=null, transportSettings=null, commandListeners=[io.micrometer.core.instrument.binder.mongodb.MongoMetricsCommandListener@56a9b662], codecRegistry=ProvidersCodecRegistry{codecProviders=[ValueCodecProvider{}, BsonValueCodecProvider{}, DBRefCodecProvider{}, DBObjectCodecProvider{}, DocumentCodecProvider{}, CollectionCodecProvider{}, IterableCodecProvider{}, MapCodecProvider{}, GeoJsonCodecProvider{}, GridFSFileCodecProvider{}, Jsr310CodecProvider{}, JsonObjectCodecProvider{}, BsonCodecProvider{}, EnumCodecProvider{}, com.mongodb.client.model.mql.ExpressionCodecProvider@77881b7a, com.mongodb.Jep395RecordCodecProvider@59ac77f9, com.mongodb.KotlinCodecProvider@6d92e327]}, loggerSettings=LoggerSettings{maxDocumentLength=1000}, clusterSettings={hosts=[localhost:27017], srvServiceName=mongodb, mode=SINGLE, requiredClusterType=UNKNOWN, requiredReplicaSetName='null', serverSelector='null', clusterListeners='[]', serverSelectionTimeout='30000 ms', localThreshold='15 ms'}, socketSettings=SocketSettings{connectTimeoutMS=10000, readTimeoutMS=0, receiveBufferSize=0, proxySettings=ProxySettings{host=null, port=null, username=null, password=null}}, heartbeatSocketSettings=SocketSettings{connectTimeoutMS=10000, readTimeoutMS=10000, receiveBufferSize=0, proxySettings=ProxySettings{host=null, port=null, username=null, password=null}}, connectionPoolSettings=ConnectionPoolSettings{maxSize=100, minSize=0, maxWaitTimeMS=120000, maxConnectionLifeTimeMS=0, maxConnectionIdleTimeMS=0, maintenanceInitialDelayMS=0, maintenanceFrequencyMS=60000, connectionPoolListeners=[io.micrometer.core.instrument.binder.mongodb.MongoMetricsConnectionPoolListener@76134251], maxConnecting=2}, serverSettings=ServerSettings{heartbeatFrequencyMS=10000, minHeartbeatFrequencyMS=500, serverMonitoringMode=AUTO, serverListeners='[]', serverMonitorListeners='[]'}, sslSettings=SslSettings{enabled=false, invalidHostNameAllowed=false, context=null}, applicationName='null', compressorList=[], uuidRepresentation=JAVA_LEGACY, serverApi=null, autoEncryptionSettings=null, dnsClient=null, inetAddressResolver=null, contextProvider=null, timeoutMS=null}
2025-09-14T02:37:54.941+03:00  INFO 10420 --- [user-service] [cluster-ClusterId{value='68c600527e01b9bb9688093c', description='null'}-localhost:27017] org.mongodb.driver.cluster               : Monitor thread successfully connected to server with description ServerDescription{address=localhost:27017, type=STANDALONE, cryptd=false, state=CONNECTED, ok=true, minWireVersion=0, maxWireVersion=25, maxDocumentSize=16777216, logicalSessionTimeoutMinutes=30, roundTripTimeNanos=111941800, minRoundTripTimeNanos=0}
2025-09-14T02:38:19.115+03:00  WARN 10420 --- [user-service] [main] c.f.c.c.BeanFactoryAwareFunctionRegistry : Failed to locate function 'busConsumer' for function definition 'busConsumer'. Returning null.
2025-09-14T02:38:19.629+03:00  INFO 10420 --- [user-service] [main] o.s.c.s.m.DirectWithAttributesChannel    : Channel 'user-service.springCloudBusInput' has 1 subscriber(s).
2025-09-14T02:38:20.771+03:00  INFO 10420 --- [user-service] [main] DiscoveryClientOptionalArgsConfiguration : Eureka HTTP Client uses RestTemplate.
2025-09-14T02:38:21.099+03:00  WARN 10420 --- [user-service] [main] iguration$LoadBalancerCaffeineWarnLogger : Spring Cloud LoadBalancer is currently working with the default cache. While this cache implementation is useful for development and tests, it's recommended to use Caffeine cache in production.You can switch to using Caffeine cache, by adding it and org.springframework.cache.caffeine.CaffeineCacheManager to the classpath.
2025-09-14T02:38:21.202+03:00  INFO 10420 --- [user-service] [main] o.s.b.a.e.web.EndpointLinksResolver      : Exposing 24 endpoints beneath base path '/actuator'
2025-09-14T02:38:22.054+03:00  INFO 10420 --- [user-service] [main] o.s.i.endpoint.EventDrivenConsumer       : Adding {logging-channel-adapter:_org.springframework.integration.errorLogger} as a subscriber to the 'errorChannel' channel
2025-09-14T02:38:22.056+03:00  INFO 10420 --- [user-service] [main] o.s.i.channel.PublishSubscribeChannel    : Channel 'user-service.errorChannel' has 1 subscriber(s).
2025-09-14T02:38:22.058+03:00  INFO 10420 --- [user-service] [main] o.s.i.endpoint.EventDrivenConsumer       : started bean '_org.springframework.integration.errorLogger'
2025-09-14T02:38:22.429+03:00  INFO 10420 --- [user-service] [main] o.s.c.n.eureka.InstanceInfoFactory       : Setting initial instance status as: STARTING
2025-09-14T02:38:22.704+03:00  INFO 10420 --- [user-service] [main] com.netflix.discovery.DiscoveryClient    : Initializing Eureka in region us-east-1
2025-09-14T02:38:22.771+03:00  INFO 10420 --- [user-service] [main] c.n.d.s.r.aws.ConfigClusterResolver      : Resolving eureka endpoints via configuration
2025-09-14T02:38:22.823+03:00  INFO 10420 --- [user-service] [main] com.netflix.discovery.DiscoveryClient    : Disable delta property : false
2025-09-14T02:38:22.824+03:00  INFO 10420 --- [user-service] [main] com.netflix.discovery.DiscoveryClient    : Single vip registry refresh property : null
2025-09-14T02:38:22.824+03:00  INFO 10420 --- [user-service] [main] com.netflix.discovery.DiscoveryClient    : Force full registry fetch : false
2025-09-14T02:38:22.824+03:00  INFO 10420 --- [user-service] [main] com.netflix.discovery.DiscoveryClient    : Application is null : false
2025-09-14T02:38:22.825+03:00  INFO 10420 --- [user-service] [main] com.netflix.discovery.DiscoveryClient    : Registered Applications size is zero : true
2025-09-14T02:38:22.825+03:00  INFO 10420 --- [user-service] [main] com.netflix.discovery.DiscoveryClient    : Application version is -1: true
2025-09-14T02:38:22.825+03:00  INFO 10420 --- [user-service] [main] com.netflix.discovery.DiscoveryClient    : Getting all instance registry info from the eureka server
2025-09-14T02:38:23.932+03:00  INFO 10420 --- [user-service] [main] com.netflix.discovery.DiscoveryClient    : The response status is 200
2025-09-14T02:38:23.939+03:00  INFO 10420 --- [user-service] [main] com.netflix.discovery.DiscoveryClient    : Starting heartbeat executor: renew interval is: 30
2025-09-14T02:38:23.950+03:00  INFO 10420 --- [user-service] [main] c.n.discovery.InstanceInfoReplicator     : InstanceInfoReplicator onDemand update allowed rate per min is 4
2025-09-14T02:38:23.953+03:00  INFO 10420 --- [user-service] [main] com.netflix.discovery.DiscoveryClient    : Discovery Client initialized at timestamp 1757806703952 with initial instances count: 2
2025-09-14T02:38:23.978+03:00  INFO 10420 --- [user-service] [main] o.s.c.n.e.s.EurekaServiceRegistry        : Registering application USER-SERVICE with eureka with status UP
2025-09-14T02:38:23.982+03:00  INFO 10420 --- [user-service] [main] com.netflix.discovery.DiscoveryClient    : Saw local status change event StatusChangeEvent [timestamp=1757806703982, current=UP, previous=STARTING]
2025-09-14T02:38:23.995+03:00  INFO 10420 --- [user-service] [main] o.s.c.s.binder.DefaultBinderFactory      : Creating binder: rabbit
2025-09-14T02:38:23.996+03:00  INFO 10420 --- [user-service] [main] o.s.c.s.binder.DefaultBinderFactory      : Constructing binder child context for rabbit
2025-09-14T02:38:24.086+03:00  INFO 10420 --- [user-service] [DiscoveryClient-InstanceInfoReplicator-%d] com.netflix.discovery.DiscoveryClient    : DiscoveryClient_USER-SERVICE/DESKTOP-EE14DKI.mshome.net:user-service:8082: registering service...
2025-09-14T02:38:24.549+03:00  INFO 10420 --- [user-service] [DiscoveryClient-InstanceInfoReplicator-%d] com.netflix.discovery.DiscoveryClient    : DiscoveryClient_USER-SERVICE/DESKTOP-EE14DKI.mshome.net:user-service:8082 - registration status: 204
2025-09-14T02:38:24.852+03:00  INFO 10420 --- [user-service] [main] o.s.c.s.binder.DefaultBinderFactory      : Caching the binder: rabbit
2025-09-14T02:38:24.930+03:00  INFO 10420 --- [user-service] [main] c.s.b.r.p.RabbitExchangeQueueProvisioner : declaring queue for inbound: springCloudBus.anonymous.4uRkBUy1SnCbmrvpnvuiZA, bound to: springCloudBus
2025-09-14T02:38:24.952+03:00  INFO 10420 --- [user-service] [main] o.s.a.r.c.CachingConnectionFactory       : Attempting to connect to: [localhost:5672]
2025-09-14T02:38:25.760+03:00  INFO 10420 --- [user-service] [main] o.s.a.r.c.CachingConnectionFactory       : Created new connection: rabbitConnectionFactory#1256925b:0/SimpleConnection@62b72289 [delegate=amqp://guest@127.0.0.1:5672/, localPort=56809]
2025-09-14T02:38:26.297+03:00  INFO 10420 --- [user-service] [main] o.s.c.stream.binder.BinderErrorChannel   : Channel 'rabbit-1385628430.springCloudBusInput.errors' has 1 subscriber(s).
2025-09-14T02:38:26.299+03:00  INFO 10420 --- [user-service] [main] o.s.c.stream.binder.BinderErrorChannel   : Channel 'rabbit-1385628430.springCloudBusInput.errors' has 2 subscriber(s).
2025-09-14T02:38:26.405+03:00  INFO 10420 --- [user-service] [main] o.s.i.a.i.AmqpInboundChannelAdapter      : started bean 'inbound.springCloudBus.anonymous.4uRkBUy1SnCbmrvpnvuiZA'
2025-09-14T02:38:26.464+03:00  INFO 10420 --- [user-service] [main] o.s.b.w.embedded.tomcat.TomcatWebServer  : Tomcat started on port 8082 (http) with context path '/'
2025-09-14T02:38:26.466+03:00  INFO 10420 --- [user-service] [main] .s.c.n.e.s.EurekaAutoServiceRegistration : Updating port to 8082
2025-09-14T02:38:26.667+03:00  INFO 10420 --- [user-service] [main] com.ecommerce.user.UserApplication       : Started UserApplication in 55.045 seconds (process running for 57.917)
2025-09-14T02:40:37.092+03:00  INFO 10420 --- [user-service] [SpringApplicationShutdownHook] o.s.c.n.e.s.EurekaServiceRegistry        : Unregistering application USER-SERVICE with eureka with status DOWN
2025-09-14T02:40:37.104+03:00  INFO 10420 --- [user-service] [SpringApplicationShutdownHook] com.netflix.discovery.DiscoveryClient    : Saw local status change event StatusChangeEvent [timestamp=1757806837103, current=DOWN, previous=UP]
2025-09-14T02:40:37.105+03:00  INFO 10420 --- [user-service] [DiscoveryClient-InstanceInfoReplicator-%d] com.netflix.discovery.DiscoveryClient    : DiscoveryClient_USER-SERVICE/DESKTOP-EE14DKI.mshome.net:user-service:8082: registering service...
2025-09-14T02:40:37.163+03:00  INFO 10420 --- [user-service] [DiscoveryClient-InstanceInfoReplicator-%d] com.netflix.discovery.DiscoveryClient    : DiscoveryClient_USER-SERVICE/DESKTOP-EE14DKI.mshome.net:user-service:8082 - registration status: 204
2025-09-14T02:40:37.193+03:00  INFO 10420 --- [user-service] [SpringApplicationShutdownHook] o.s.b.w.e.tomcat.GracefulShutdown        : Commencing graceful shutdown. Waiting for active requests to complete
2025-09-14T02:40:37.225+03:00  INFO 10420 --- [user-service] [tomcat-shutdown] o.s.b.w.e.tomcat.GracefulShutdown        : Graceful shutdown complete
2025-09-14T02:40:37.356+03:00  INFO 10420 --- [user-service] [SpringApplicationShutdownHook] o.s.a.r.l.SimpleMessageListenerContainer : Waiting for workers to finish.
2025-09-14T02:40:37.796+03:00  INFO 10420 --- [user-service] [SpringApplicationShutdownHook] o.s.a.r.l.SimpleMessageListenerContainer : Successfully waited for workers to finish.
2025-09-14T02:40:37.801+03:00  INFO 10420 --- [user-service] [SpringApplicationShutdownHook] o.s.i.a.i.AmqpInboundChannelAdapter      : stopped bean 'inbound.springCloudBus.anonymous.4uRkBUy1SnCbmrvpnvuiZA'
2025-09-14T02:40:37.922+03:00  INFO 10420 --- [user-service] [SpringApplicationShutdownHook] o.s.c.stream.binder.BinderErrorChannel   : Channel 'user-service.rabbit-1385628430.springCloudBusInput.errors' has 1 subscriber(s).
2025-09-14T02:40:37.929+03:00  INFO 10420 --- [user-service] [SpringApplicationShutdownHook] o.s.c.stream.binder.BinderErrorChannel   : Channel 'user-service.rabbit-1385628430.springCloudBusInput.errors' has 0 subscriber(s).
2025-09-14T02:40:38.265+03:00  INFO 10420 --- [user-service] [SpringApplicationShutdownHook] o.s.i.endpoint.EventDrivenConsumer       : Removing {logging-channel-adapter:_org.springframework.integration.errorLogger} as a subscriber to the 'errorChannel' channel
2025-09-14T02:40:38.265+03:00  INFO 10420 --- [user-service] [SpringApplicationShutdownHook] o.s.i.channel.PublishSubscribeChannel    : Channel 'user-service.errorChannel' has 0 subscriber(s).
2025-09-14T02:40:38.266+03:00  INFO 10420 --- [user-service] [SpringApplicationShutdownHook] o.s.i.endpoint.EventDrivenConsumer       : stopped bean '_org.springframework.integration.errorLogger'
2025-09-14T02:40:38.371+03:00  INFO 10420 --- [user-service] [SpringApplicationShutdownHook] com.netflix.discovery.DiscoveryClient    : Shutting down DiscoveryClient ...
2025-09-14T02:40:41.395+03:00  INFO 10420 --- [user-service] [SpringApplicationShutdownHook] com.netflix.discovery.DiscoveryClient    : Unregistering ...
2025-09-14T02:40:41.437+03:00  INFO 10420 --- [user-service] [SpringApplicationShutdownHook] com.netflix.discovery.DiscoveryClient    : DiscoveryClient_USER-SERVICE/DESKTOP-EE14DKI.mshome.net:user-service:8082 - deregister  status: 200
2025-09-14T02:40:41.442+03:00  INFO 10420 --- [user-service] [SpringApplicationShutdownHook] com.netflix.discovery.DiscoveryClient    : Completed shut down of DiscoveryClient
